This file contains any messages produced by compilers while
running configure, to aid debugging if configure makes a mistake.

It was created by libmobi configure 0.4, which was
generated by GNU Autoconf 2.69.  Invocation command line was

  $ ./configure --with-libxml2=/usr/local/include/libxml2

## --------- ##
## Platform. ##
## --------- ##

hostname = localhost
uname -m = x86_64
uname -r = 18.5.0
uname -s = Darwin
uname -v = Darwin Kernel Version 18.5.0: Mon Mar 11 20:40:32 PDT 2019; root:xnu-4903.251.3~3/RELEASE_X86_64

/usr/bin/uname -p = i386
/bin/uname -X     = unknown

/bin/arch              = unknown
/usr/bin/arch -k       = unknown
/usr/convex/getsysinfo = unknown
/usr/bin/hostinfo      = Mach kernel version:
	 Darwin Kernel Version 18.5.0: Mon Mar 11 20:40:32 PDT 2019; root:xnu-4903.251.3~3/RELEASE_X86_64
Kernel configured for up to 4 processors.
2 processors are physically available.
4 processors are logically available.
Processor type: x86_64h (Intel x86-64h Haswell)
Processors active: 0 1 2 3
Primary memory available: 8.00 gigabytes
Default processor set: 464 tasks, 1910 threads, 4 processors
Load average: 1.87, Mach factor: 2.12
/bin/machine           = unknown
/usr/bin/oslevel       = unknown
/bin/universe          = unknown

PATH: /usr/local/apache-maven-3.6.0/bin
PATH: /usr/local/apache-ant-1.10.5/bin
PATH: /Library/Java/JavaVirtualMachines/jdk-11.0.2.jdk/Contents/Home/bin
PATH: /usr/local/bin
PATH: /usr/local/sbin
PATH: /opt/local/bin
PATH: /opt/local/sbin
PATH: /Users/yongweihu/.rvm/gems/ruby-2.2.4/bin
PATH: /Users/yongweihu/.rvm/gems/ruby-2.2.4@global/bin
PATH: /Users/yongweihu/.rvm/rubies/ruby-2.2.4/bin
PATH: /Users/yongweihu/Library/Python/3.7/bin/
PATH: /Applications/MacVim.app/Contents/bin/
PATH: /Users/yongweihu/Documents/Others/BookReaderX/ossutilmac64
PATH: /Users/yongweihu/Library/Android/sdk/platform-tools
PATH: /usr/local/opt/libiconv/bin
PATH: /Applications/calibre.app/Contents/MacOS
PATH: /Users/yongweihu/.fastlane/bin
PATH: /Applications/Xcode.app/Contents/Developer/usr/bin
PATH: /usr/local/bin
PATH: /usr/bin
PATH: /bin
PATH: /usr/sbin
PATH: /sbin
PATH: /Applications/VMware Fusion.app/Contents/Public
PATH: /Users/yongweihu/Library/Android/sdk//tools
PATH: /Users/yongweihu/Library/Android/sdk//tools/bin
PATH: /Users/yongweihu/Library/Android/sdk//platform-tools
PATH: /Users/yongweihu/Library/Android/sdk//emulator
PATH: /Users/yongweihu/.rvm/bin


## ----------- ##
## Core tests. ##
## ----------- ##

configure:2534: checking for a BSD-compatible install
configure:2602: result: /usr/bin/install -c
configure:2613: checking whether build environment is sane
configure:2668: result: yes
configure:2819: checking for a thread-safe mkdir -p
configure:2858: result: ./install-sh -c -d
configure:2865: checking for gawk
configure:2881: found /usr/local/bin/gawk
configure:2892: result: gawk
configure:2903: checking whether make sets $(MAKE)
configure:2925: result: yes
configure:2954: checking whether make supports nested variables
configure:2971: result: yes
configure:3115: checking for style of include used by make
configure:3143: result: GNU
configure:3214: checking for gcc
configure:3230: found /Applications/Xcode.app/Contents/Developer/usr/bin/gcc
configure:3241: result: gcc
configure:3470: checking for C compiler version
configure:3479: gcc --version >&5
Apple LLVM version 10.0.1 (clang-1001.0.46.3)
Target: x86_64-apple-darwin18.5.0
Thread model: posix
InstalledDir: /Applications/Xcode.app/Contents/Developer/Toolchains/XcodeDefault.xctoolchain/usr/bin
Configured with: --prefix=/Applications/Xcode.app/Contents/Developer/usr --with-gxx-include-dir=/usr/include/c++/4.2.1
configure:3490: $? = 0
configure:3479: gcc -v >&5
Configured with: --prefix=/Applications/Xcode.app/Contents/Developer/usr --with-gxx-include-dir=/usr/include/c++/4.2.1
Apple LLVM version 10.0.1 (clang-1001.0.46.3)
Target: x86_64-apple-darwin18.5.0
Thread model: posix
InstalledDir: /Applications/Xcode.app/Contents/Developer/Toolchains/XcodeDefault.xctoolchain/usr/bin
configure:3490: $? = 0
configure:3479: gcc -V >&5
clang: error: unsupported option '-V -Wno-atomic-implicit-seq-cst'
clang: error: no input files
configure:3490: $? = 1
configure:3479: gcc -qversion >&5
clang: error: unknown argument '-qversion', did you mean '--version'?
clang: error: no input files
configure:3490: $? = 1
configure:3510: checking whether the C compiler works
configure:3532: gcc    conftest.c  >&5
configure:3536: $? = 0
configure:3584: result: yes
configure:3587: checking for C compiler default output file name
configure:3589: result: a.out
configure:3595: checking for suffix of executables
configure:3602: gcc -o conftest    conftest.c  >&5
configure:3606: $? = 0
configure:3628: result: 
configure:3650: checking whether we are cross compiling
configure:3658: gcc -o conftest    conftest.c  >&5
configure:3662: $? = 0
configure:3669: ./conftest
configure:3673: $? = 0
configure:3688: result: no
configure:3693: checking for suffix of object files
configure:3715: gcc -c   conftest.c >&5
configure:3719: $? = 0
configure:3740: result: o
configure:3744: checking whether we are using the GNU C compiler
configure:3763: gcc -c   conftest.c >&5
configure:3763: $? = 0
configure:3772: result: yes
configure:3781: checking whether gcc accepts -g
configure:3801: gcc -c -g  conftest.c >&5
configure:3801: $? = 0
configure:3842: result: yes
configure:3859: checking for gcc option to accept ISO C89
configure:3922: gcc  -c -g -O2  conftest.c >&5
configure:3922: $? = 0
configure:3935: result: none needed
configure:3960: checking whether gcc understands -c and -o together
configure:3982: gcc -c conftest.c -o conftest2.o
configure:3985: $? = 0
configure:3982: gcc -c conftest.c -o conftest2.o
configure:3985: $? = 0
configure:3997: result: yes
configure:4016: checking dependency style of gcc
configure:4127: result: gcc3
configure:4142: checking for gcc option to accept ISO C99
configure:4291: gcc  -c -g -O2  conftest.c >&5
configure:4291: $? = 0
configure:4304: result: none needed
configure:4371: checking for ar
configure:4387: found /usr/bin/ar
configure:4398: result: ar
configure:4424: checking the archiver (ar) interface
configure:4440: gcc -c -g -O2  conftest.c >&5
configure:4440: $? = 0
configure:4442: ar cru libconftest.a conftest.o >&5
configure:4445: $? = 0
configure:4473: result: ar
configure:4525: checking build system type
configure:4539: result: x86_64-apple-darwin18.5.0
configure:4559: checking host system type
configure:4572: result: x86_64-apple-darwin18.5.0
configure:4613: checking how to print strings
configure:4640: result: printf
configure:4661: checking for a sed that does not truncate output
configure:4725: result: /usr/bin/sed
configure:4743: checking for grep that handles long lines and -e
configure:4801: result: /usr/bin/grep
configure:4806: checking for egrep
configure:4868: result: /usr/bin/grep -E
configure:4873: checking for fgrep
configure:4935: result: /usr/bin/grep -F
configure:4970: checking for ld used by gcc
configure:5037: result: /Applications/Xcode.app/Contents/Developer/Toolchains/XcodeDefault.xctoolchain/usr/bin/ld
configure:5044: checking if the linker (/Applications/Xcode.app/Contents/Developer/Toolchains/XcodeDefault.xctoolchain/usr/bin/ld) is GNU ld
configure:5059: result: no
configure:5071: checking for BSD- or MS-compatible name lister (nm)
configure:5125: result: /usr/bin/nm -B
configure:5255: checking the name lister (/usr/bin/nm -B) interface
configure:5262: gcc -c -g -O2  conftest.c >&5
configure:5265: /usr/bin/nm -B "conftest.o"
configure:5268: output
00000000000001e8 S _some_variable
configure:5275: result: BSD nm
configure:5278: checking whether ln -s works
configure:5282: result: yes
configure:5290: checking the maximum length of command line arguments
configure:5421: result: 196608
configure:5469: checking how to convert x86_64-apple-darwin18.5.0 file names to x86_64-apple-darwin18.5.0 format
configure:5509: result: func_convert_file_noop
configure:5516: checking how to convert x86_64-apple-darwin18.5.0 file names to toolchain format
configure:5536: result: func_convert_file_noop
configure:5543: checking for /Applications/Xcode.app/Contents/Developer/Toolchains/XcodeDefault.xctoolchain/usr/bin/ld option to reload object files
configure:5550: result: -r
configure:5624: checking for objdump
configure:5640: found /usr/bin/objdump
configure:5651: result: objdump
configure:5683: checking how to recognize dependent libraries
configure:5883: result: pass_all
configure:5968: checking for dlltool
configure:5998: result: no
configure:6028: checking how to associate runtime and link libraries
configure:6055: result: printf %s\n
configure:6179: checking for archiver @FILE support
configure:6196: gcc -c -g -O2  conftest.c >&5
configure:6196: $? = 0
configure:6199: ar cru libconftest.a @conftest.lst >&5
ar: @conftest.lst: No such file or directory
configure:6202: $? = 1
configure:6222: result: no
configure:6280: checking for strip
configure:6296: found /usr/bin/strip
configure:6307: result: strip
configure:6379: checking for ranlib
configure:6395: found /usr/bin/ranlib
configure:6406: result: ranlib
configure:6508: checking command to parse /usr/bin/nm -B output from gcc object
configure:6661: gcc -c -g -O2  conftest.c >&5
configure:6664: $? = 0
configure:6668: /usr/bin/nm -B conftest.o \| sed -n -e 's/^.*[ ]\([BCDEGRST][BCDEGRST]*\)[ ][ ]*\([_A-Za-z][_A-Za-z0-9]*\)$/\1 \2 \2/p' | sed '/ __gnu_lto/d' \> conftest.nm
configure:6671: $? = 0
cannot find nm_test_var in conftest.nm
configure:6661: gcc -c -g -O2  conftest.c >&5
configure:6664: $? = 0
configure:6668: /usr/bin/nm -B conftest.o \| sed -n -e 's/^.*[ ]\([BCDEGRST][BCDEGRST]*\)[ ][ ]*_\([_A-Za-z][_A-Za-z0-9]*\)$/\1 _\2 \2/p' | sed '/ __gnu_lto/d' \> conftest.nm
configure:6671: $? = 0
configure:6737: gcc -o conftest -g -O2   conftest.c conftstm.o >&5
warning: (x86_64)  could not find object file symbol for symbol _main
configure:6740: $? = 0
configure:6778: result: ok
configure:6825: checking for sysroot
configure:6855: result: no
configure:6862: checking for a working dd
configure:6900: result: /bin/dd
configure:6904: checking how to truncate binary pipes
configure:6919: result: /bin/dd bs=4096 count=1
configure:7248: checking for mt
configure:7278: result: no
configure:7298: checking if : is a manifest tool
configure:7304: : '-?'
configure:7312: result: no
configure:7368: checking for dsymutil
configure:7384: found /usr/bin/dsymutil
configure:7395: result: dsymutil
configure:7460: checking for nmedit
configure:7476: found /usr/bin/nmedit
configure:7487: result: nmedit
configure:7552: checking for lipo
configure:7568: found /usr/bin/lipo
configure:7579: result: lipo
configure:7644: checking for otool
configure:7660: found /usr/bin/otool
configure:7671: result: otool
configure:7736: checking for otool64
configure:7766: result: no
configure:7811: checking for -single_module linker flag
gcc -g -O2  -o libconftest.dylib -dynamiclib -Wl,-single_module conftest.c
configure:7844: result: yes
configure:7847: checking for -exported_symbols_list linker flag
configure:7867: gcc -o conftest -g -O2   -Wl,-exported_symbols_list,conftest.sym conftest.c  >&5
configure:7867: $? = 0
configure:7877: result: yes
configure:7880: checking for -force_load linker flag
gcc -g -O2 -c -o conftest.o conftest.c
ar cru libconftest.a conftest.o
ranlib libconftest.a
gcc -g -O2  -o conftest conftest.c -Wl,-force_load,./libconftest.a
configure:7912: result: yes
configure:7989: checking how to run the C preprocessor
configure:8020: gcc -E  conftest.c
configure:8020: $? = 0
configure:8034: gcc -E  conftest.c
conftest.c:11:10: fatal error: 'ac_nonexistent.h' file not found
#include <ac_nonexistent.h>
         ^~~~~~~~~~~~~~~~~~
1 error generated.
configure:8034: $? = 1
configure: failed program was:
| /* confdefs.h */
| #define PACKAGE_NAME "libmobi"
| #define PACKAGE_TARNAME "libmobi"
| #define PACKAGE_VERSION "0.4"
| #define PACKAGE_STRING "libmobi 0.4"
| #define PACKAGE_BUGREPORT ""
| #define PACKAGE_URL ""
| #define PACKAGE "libmobi"
| #define VERSION "0.4"
| /* end confdefs.h.  */
| #include <ac_nonexistent.h>
configure:8059: result: gcc -E
configure:8079: gcc -E  conftest.c
configure:8079: $? = 0
configure:8093: gcc -E  conftest.c
conftest.c:11:10: fatal error: 'ac_nonexistent.h' file not found
#include <ac_nonexistent.h>
         ^~~~~~~~~~~~~~~~~~
1 error generated.
configure:8093: $? = 1
configure: failed program was:
| /* confdefs.h */
| #define PACKAGE_NAME "libmobi"
| #define PACKAGE_TARNAME "libmobi"
| #define PACKAGE_VERSION "0.4"
| #define PACKAGE_STRING "libmobi 0.4"
| #define PACKAGE_BUGREPORT ""
| #define PACKAGE_URL ""
| #define PACKAGE "libmobi"
| #define VERSION "0.4"
| /* end confdefs.h.  */
| #include <ac_nonexistent.h>
configure:8122: checking for ANSI C header files
configure:8142: gcc -c -g -O2  conftest.c >&5
configure:8142: $? = 0
configure:8215: gcc -o conftest -g -O2   conftest.c  >&5
configure:8215: $? = 0
configure:8215: ./conftest
configure:8215: $? = 0
configure:8226: result: yes
configure:8239: checking for sys/types.h
configure:8239: gcc -c -g -O2  conftest.c >&5
configure:8239: $? = 0
configure:8239: result: yes
configure:8239: checking for sys/stat.h
configure:8239: gcc -c -g -O2  conftest.c >&5
configure:8239: $? = 0
configure:8239: result: yes
configure:8239: checking for stdlib.h
configure:8239: gcc -c -g -O2  conftest.c >&5
configure:8239: $? = 0
configure:8239: result: yes
configure:8239: checking for string.h
configure:8239: gcc -c -g -O2  conftest.c >&5
configure:8239: $? = 0
configure:8239: result: yes
configure:8239: checking for memory.h
configure:8239: gcc -c -g -O2  conftest.c >&5
configure:8239: $? = 0
configure:8239: result: yes
configure:8239: checking for strings.h
configure:8239: gcc -c -g -O2  conftest.c >&5
configure:8239: $? = 0
configure:8239: result: yes
configure:8239: checking for inttypes.h
configure:8239: gcc -c -g -O2  conftest.c >&5
configure:8239: $? = 0
configure:8239: result: yes
configure:8239: checking for stdint.h
configure:8239: gcc -c -g -O2  conftest.c >&5
configure:8239: $? = 0
configure:8239: result: yes
configure:8239: checking for unistd.h
configure:8239: gcc -c -g -O2  conftest.c >&5
configure:8239: $? = 0
configure:8239: result: yes
configure:8253: checking for dlfcn.h
configure:8253: gcc -c -g -O2  conftest.c >&5
configure:8253: $? = 0
configure:8253: result: yes
configure:8509: checking for objdir
configure:8524: result: .libs
configure:8788: checking if gcc supports -fno-rtti -fno-exceptions
configure:8806: gcc -c -g -O2  -fno-rtti -fno-exceptions conftest.c >&5
configure:8810: $? = 0
configure:8823: result: yes
configure:9181: checking for gcc option to produce PIC
configure:9188: result: -fno-common -DPIC
configure:9196: checking if gcc PIC flag -fno-common -DPIC works
configure:9214: gcc -c -g -O2  -fno-common -DPIC -DPIC conftest.c >&5
configure:9218: $? = 0
configure:9231: result: yes
configure:9260: checking if gcc static flag -static works
configure:9288: result: no
configure:9303: checking if gcc supports -c -o file.o
configure:9324: gcc -c -g -O2  -o out/conftest2.o conftest.c >&5
configure:9328: $? = 0
configure:9350: result: yes
configure:9358: checking if gcc supports -c -o file.o
configure:9405: result: yes
configure:9438: checking whether the gcc linker (/Applications/Xcode.app/Contents/Developer/Toolchains/XcodeDefault.xctoolchain/usr/bin/ld) supports shared libraries
configure:10697: result: yes
configure:10937: checking dynamic linker characteristics
configure:11755: result: darwin18.5.0 dyld
configure:11877: checking how to hardcode library paths into programs
configure:11902: result: immediate
configure:12450: checking whether stripping libraries is possible
configure:12464: result: yes
configure:12490: checking if libtool supports shared libraries
configure:12492: result: yes
configure:12495: checking whether to build shared libraries
configure:12520: result: yes
configure:12523: checking whether to build static libraries
configure:12527: result: yes
configure:12568: checking for stdbool.h that conforms to C99
configure:12635: gcc -c -g -O2  conftest.c >&5
conftest.c:72:24: warning: address of 's' will always evaluate to 'true' [-Wpointer-bool-conversion]
             bool e = &s;
                  ~    ^
conftest.c:76:23: warning: address of array 'a' will always evaluate to 'true' [-Wpointer-bool-conversion]
             return (!a + !b + !c + !d + !e + !f + !g + !h + !i + !!j + !k + !!l
                     ~^
conftest.c:76:28: warning: address of array 'b' will always evaluate to 'true' [-Wpointer-bool-conversion]
             return (!a + !b + !c + !d + !e + !f + !g + !h + !i + !!j + !k + !!l
                          ~^
conftest.c:76:33: warning: address of array 'c' will always evaluate to 'true' [-Wpointer-bool-conversion]
             return (!a + !b + !c + !d + !e + !f + !g + !h + !i + !!j + !k + !!l
                               ~^
conftest.c:76:38: warning: address of array 'd' will always evaluate to 'true' [-Wpointer-bool-conversion]
             return (!a + !b + !c + !d + !e + !f + !g + !h + !i + !!j + !k + !!l
                                    ~^
conftest.c:76:48: warning: address of array 'f' will always evaluate to 'true' [-Wpointer-bool-conversion]
             return (!a + !b + !c + !d + !e + !f + !g + !h + !i + !!j + !k + !!l
                                              ~^
conftest.c:76:53: warning: address of array 'g' will always evaluate to 'true' [-Wpointer-bool-conversion]
             return (!a + !b + !c + !d + !e + !f + !g + !h + !i + !!j + !k + !!l
                                                   ~^
conftest.c:76:58: warning: address of array 'h' will always evaluate to 'true' [-Wpointer-bool-conversion]
             return (!a + !b + !c + !d + !e + !f + !g + !h + !i + !!j + !k + !!l
                                                        ~^
conftest.c:76:63: warning: address of array 'i' will always evaluate to 'true' [-Wpointer-bool-conversion]
             return (!a + !b + !c + !d + !e + !f + !g + !h + !i + !!j + !k + !!l
                                                             ~^
conftest.c:77:30: warning: address of array 'n' will always evaluate to 'true' [-Wpointer-bool-conversion]
                            ~^
conftest.c:77:35: warning: address of array 'o' will always evaluate to 'true' [-Wpointer-bool-conversion]
                                 ~^
conftest.c:77:40: warning: address of array 'p' will always evaluate to 'true' [-Wpointer-bool-conversion]
                                      ~^
12 warnings generated.
configure:12635: $? = 0
configure:12642: result: yes
configure:12644: checking for _Bool
configure:12644: gcc -c -g -O2  conftest.c >&5
configure:12644: $? = 0
configure:12644: gcc -c -g -O2  conftest.c >&5
conftest.c:59:20: error: expected expression
if (sizeof ((_Bool)))
                   ^
1 error generated.
configure:12644: $? = 1
configure: failed program was:
| /* confdefs.h */
| #define PACKAGE_NAME "libmobi"
| #define PACKAGE_TARNAME "libmobi"
| #define PACKAGE_VERSION "0.4"
| #define PACKAGE_STRING "libmobi 0.4"
| #define PACKAGE_BUGREPORT ""
| #define PACKAGE_URL ""
| #define PACKAGE "libmobi"
| #define VERSION "0.4"
| #define STDC_HEADERS 1
| #define HAVE_SYS_TYPES_H 1
| #define HAVE_SYS_STAT_H 1
| #define HAVE_STDLIB_H 1
| #define HAVE_STRING_H 1
| #define HAVE_MEMORY_H 1
| #define HAVE_STRINGS_H 1
| #define HAVE_INTTYPES_H 1
| #define HAVE_STDINT_H 1
| #define HAVE_UNISTD_H 1
| #define HAVE_DLFCN_H 1
| #define LT_OBJDIR ".libs/"
| /* end confdefs.h.  */
| #include <stdio.h>
| #ifdef HAVE_SYS_TYPES_H
| # include <sys/types.h>
| #endif
| #ifdef HAVE_SYS_STAT_H
| # include <sys/stat.h>
| #endif
| #ifdef STDC_HEADERS
| # include <stdlib.h>
| # include <stddef.h>
| #else
| # ifdef HAVE_STDLIB_H
| #  include <stdlib.h>
| # endif
| #endif
| #ifdef HAVE_STRING_H
| # if !defined STDC_HEADERS && defined HAVE_MEMORY_H
| #  include <memory.h>
| # endif
| # include <string.h>
| #endif
| #ifdef HAVE_STRINGS_H
| # include <strings.h>
| #endif
| #ifdef HAVE_INTTYPES_H
| # include <inttypes.h>
| #endif
| #ifdef HAVE_STDINT_H
| # include <stdint.h>
| #endif
| #ifdef HAVE_UNISTD_H
| # include <unistd.h>
| #endif
| int
| main ()
| {
| if (sizeof ((_Bool)))
| 	    return 0;
|   ;
|   return 0;
| }
configure:12644: result: yes
configure:12663: checking for stdlib.h
configure:12663: result: yes
configure:12675: checking for string.h
configure:12675: result: yes
configure:12687: checking utime.h usability
configure:12687: gcc -c -g -O2  conftest.c >&5
configure:12687: $? = 0
configure:12687: result: yes
configure:12687: checking utime.h presence
configure:12687: gcc -E  conftest.c
configure:12687: $? = 0
configure:12687: result: yes
configure:12687: checking for utime.h
configure:12687: result: yes
configure:12699: checking sys/resource.h usability
configure:12699: gcc -c -g -O2  conftest.c >&5
configure:12699: $? = 0
configure:12699: result: yes
configure:12699: checking sys/resource.h presence
configure:12699: gcc -E  conftest.c
configure:12699: $? = 0
configure:12699: result: yes
configure:12699: checking for sys/resource.h
configure:12699: result: yes
configure:12711: checking for int32_t
configure:12711: gcc -c -g -O2  conftest.c >&5
configure:12711: $? = 0
configure:12711: gcc -c -g -O2  conftest.c >&5
conftest.c:66:24: error: 'test_array' declared as an array with a negative size
static int test_array [1 - 2 * !((int32_t) (((((int32_t) 1 << N) << N) - 1) * 2 + 1)
                       ^~~~~~~~~~~~~~~~~~~~~~~~~~~~~~~~~~~~~~~~~~~~~~~~~~~~~~~~~~~~~
1 error generated.
configure:12711: $? = 1
configure: failed program was:
| /* confdefs.h */
| #define PACKAGE_NAME "libmobi"
| #define PACKAGE_TARNAME "libmobi"
| #define PACKAGE_VERSION "0.4"
| #define PACKAGE_STRING "libmobi 0.4"
| #define PACKAGE_BUGREPORT ""
| #define PACKAGE_URL ""
| #define PACKAGE "libmobi"
| #define VERSION "0.4"
| #define STDC_HEADERS 1
| #define HAVE_SYS_TYPES_H 1
| #define HAVE_SYS_STAT_H 1
| #define HAVE_STDLIB_H 1
| #define HAVE_STRING_H 1
| #define HAVE_MEMORY_H 1
| #define HAVE_STRINGS_H 1
| #define HAVE_INTTYPES_H 1
| #define HAVE_STDINT_H 1
| #define HAVE_UNISTD_H 1
| #define HAVE_DLFCN_H 1
| #define LT_OBJDIR ".libs/"
| #define HAVE__BOOL 1
| #define HAVE_STDBOOL_H 1
| #define HAVE_STDLIB_H 1
| #define HAVE_STRING_H 1
| #define HAVE_UTIME_H 1
| #define HAVE_SYS_RESOURCE_H 1
| /* end confdefs.h.  */
| #include <stdio.h>
| #ifdef HAVE_SYS_TYPES_H
| # include <sys/types.h>
| #endif
| #ifdef HAVE_SYS_STAT_H
| # include <sys/stat.h>
| #endif
| #ifdef STDC_HEADERS
| # include <stdlib.h>
| # include <stddef.h>
| #else
| # ifdef HAVE_STDLIB_H
| #  include <stdlib.h>
| # endif
| #endif
| #ifdef HAVE_STRING_H
| # if !defined STDC_HEADERS && defined HAVE_MEMORY_H
| #  include <memory.h>
| # endif
| # include <string.h>
| #endif
| #ifdef HAVE_STRINGS_H
| # include <strings.h>
| #endif
| #ifdef HAVE_INTTYPES_H
| # include <inttypes.h>
| #endif
| #ifdef HAVE_STDINT_H
| # include <stdint.h>
| #endif
| #ifdef HAVE_UNISTD_H
| # include <unistd.h>
| #endif
| 	        enum { N = 32 / 2 - 1 };
| int
| main ()
| {
| static int test_array [1 - 2 * !((int32_t) (((((int32_t) 1 << N) << N) - 1) * 2 + 1)
| 		 < (int32_t) (((((int32_t) 1 << N) << N) - 1) * 2 + 2))];
| test_array [0] = 0;
| return test_array [0];
| 
|   ;
|   return 0;
| }
configure:12711: result: yes
configure:12722: checking for int64_t
configure:12722: gcc -c -g -O2  conftest.c >&5
configure:12722: $? = 0
configure:12722: gcc -c -g -O2  conftest.c >&5
conftest.c:66:24: error: 'test_array' declared as an array with a negative size
static int test_array [1 - 2 * !((int64_t) (((((int64_t) 1 << N) << N) - 1) * 2 + 1)
                       ^~~~~~~~~~~~~~~~~~~~~~~~~~~~~~~~~~~~~~~~~~~~~~~~~~~~~~~~~~~~~
1 error generated.
configure:12722: $? = 1
configure: failed program was:
| /* confdefs.h */
| #define PACKAGE_NAME "libmobi"
| #define PACKAGE_TARNAME "libmobi"
| #define PACKAGE_VERSION "0.4"
| #define PACKAGE_STRING "libmobi 0.4"
| #define PACKAGE_BUGREPORT ""
| #define PACKAGE_URL ""
| #define PACKAGE "libmobi"
| #define VERSION "0.4"
| #define STDC_HEADERS 1
| #define HAVE_SYS_TYPES_H 1
| #define HAVE_SYS_STAT_H 1
| #define HAVE_STDLIB_H 1
| #define HAVE_STRING_H 1
| #define HAVE_MEMORY_H 1
| #define HAVE_STRINGS_H 1
| #define HAVE_INTTYPES_H 1
| #define HAVE_STDINT_H 1
| #define HAVE_UNISTD_H 1
| #define HAVE_DLFCN_H 1
| #define LT_OBJDIR ".libs/"
| #define HAVE__BOOL 1
| #define HAVE_STDBOOL_H 1
| #define HAVE_STDLIB_H 1
| #define HAVE_STRING_H 1
| #define HAVE_UTIME_H 1
| #define HAVE_SYS_RESOURCE_H 1
| /* end confdefs.h.  */
| #include <stdio.h>
| #ifdef HAVE_SYS_TYPES_H
| # include <sys/types.h>
| #endif
| #ifdef HAVE_SYS_STAT_H
| # include <sys/stat.h>
| #endif
| #ifdef STDC_HEADERS
| # include <stdlib.h>
| # include <stddef.h>
| #else
| # ifdef HAVE_STDLIB_H
| #  include <stdlib.h>
| # endif
| #endif
| #ifdef HAVE_STRING_H
| # if !defined STDC_HEADERS && defined HAVE_MEMORY_H
| #  include <memory.h>
| # endif
| # include <string.h>
| #endif
| #ifdef HAVE_STRINGS_H
| # include <strings.h>
| #endif
| #ifdef HAVE_INTTYPES_H
| # include <inttypes.h>
| #endif
| #ifdef HAVE_STDINT_H
| # include <stdint.h>
| #endif
| #ifdef HAVE_UNISTD_H
| # include <unistd.h>
| #endif
| 	        enum { N = 64 / 2 - 1 };
| int
| main ()
| {
| static int test_array [1 - 2 * !((int64_t) (((((int64_t) 1 << N) << N) - 1) * 2 + 1)
| 		 < (int64_t) (((((int64_t) 1 << N) << N) - 1) * 2 + 2))];
| test_array [0] = 0;
| return test_array [0];
| 
|   ;
|   return 0;
| }
configure:12722: result: yes
configure:12733: checking for int8_t
configure:12733: gcc -c -g -O2  conftest.c >&5
configure:12733: $? = 0
configure:12733: gcc -c -g -O2  conftest.c >&5
conftest.c:66:24: error: 'test_array' declared as an array with a negative size
static int test_array [1 - 2 * !((int8_t) (((((int8_t) 1 << N) << N) - 1) * 2 + 1)
                       ^~~~~~~~~~~~~~~~~~~~~~~~~~~~~~~~~~~~~~~~~~~~~~~~~~~~~~~~~~~
1 error generated.
configure:12733: $? = 1
configure: failed program was:
| /* confdefs.h */
| #define PACKAGE_NAME "libmobi"
| #define PACKAGE_TARNAME "libmobi"
| #define PACKAGE_VERSION "0.4"
| #define PACKAGE_STRING "libmobi 0.4"
| #define PACKAGE_BUGREPORT ""
| #define PACKAGE_URL ""
| #define PACKAGE "libmobi"
| #define VERSION "0.4"
| #define STDC_HEADERS 1
| #define HAVE_SYS_TYPES_H 1
| #define HAVE_SYS_STAT_H 1
| #define HAVE_STDLIB_H 1
| #define HAVE_STRING_H 1
| #define HAVE_MEMORY_H 1
| #define HAVE_STRINGS_H 1
| #define HAVE_INTTYPES_H 1
| #define HAVE_STDINT_H 1
| #define HAVE_UNISTD_H 1
| #define HAVE_DLFCN_H 1
| #define LT_OBJDIR ".libs/"
| #define HAVE__BOOL 1
| #define HAVE_STDBOOL_H 1
| #define HAVE_STDLIB_H 1
| #define HAVE_STRING_H 1
| #define HAVE_UTIME_H 1
| #define HAVE_SYS_RESOURCE_H 1
| /* end confdefs.h.  */
| #include <stdio.h>
| #ifdef HAVE_SYS_TYPES_H
| # include <sys/types.h>
| #endif
| #ifdef HAVE_SYS_STAT_H
| # include <sys/stat.h>
| #endif
| #ifdef STDC_HEADERS
| # include <stdlib.h>
| # include <stddef.h>
| #else
| # ifdef HAVE_STDLIB_H
| #  include <stdlib.h>
| # endif
| #endif
| #ifdef HAVE_STRING_H
| # if !defined STDC_HEADERS && defined HAVE_MEMORY_H
| #  include <memory.h>
| # endif
| # include <string.h>
| #endif
| #ifdef HAVE_STRINGS_H
| # include <strings.h>
| #endif
| #ifdef HAVE_INTTYPES_H
| # include <inttypes.h>
| #endif
| #ifdef HAVE_STDINT_H
| # include <stdint.h>
| #endif
| #ifdef HAVE_UNISTD_H
| # include <unistd.h>
| #endif
| 	        enum { N = 8 / 2 - 1 };
| int
| main ()
| {
| static int test_array [1 - 2 * !((int8_t) (((((int8_t) 1 << N) << N) - 1) * 2 + 1)
| 		 < (int8_t) (((((int8_t) 1 << N) << N) - 1) * 2 + 2))];
| test_array [0] = 0;
| return test_array [0];
| 
|   ;
|   return 0;
| }
configure:12733: result: yes
configure:12744: checking for size_t
configure:12744: gcc -c -g -O2  conftest.c >&5
configure:12744: $? = 0
configure:12744: gcc -c -g -O2  conftest.c >&5
conftest.c:65:21: error: expected expression
if (sizeof ((size_t)))
                    ^
1 error generated.
configure:12744: $? = 1
configure: failed program was:
| /* confdefs.h */
| #define PACKAGE_NAME "libmobi"
| #define PACKAGE_TARNAME "libmobi"
| #define PACKAGE_VERSION "0.4"
| #define PACKAGE_STRING "libmobi 0.4"
| #define PACKAGE_BUGREPORT ""
| #define PACKAGE_URL ""
| #define PACKAGE "libmobi"
| #define VERSION "0.4"
| #define STDC_HEADERS 1
| #define HAVE_SYS_TYPES_H 1
| #define HAVE_SYS_STAT_H 1
| #define HAVE_STDLIB_H 1
| #define HAVE_STRING_H 1
| #define HAVE_MEMORY_H 1
| #define HAVE_STRINGS_H 1
| #define HAVE_INTTYPES_H 1
| #define HAVE_STDINT_H 1
| #define HAVE_UNISTD_H 1
| #define HAVE_DLFCN_H 1
| #define LT_OBJDIR ".libs/"
| #define HAVE__BOOL 1
| #define HAVE_STDBOOL_H 1
| #define HAVE_STDLIB_H 1
| #define HAVE_STRING_H 1
| #define HAVE_UTIME_H 1
| #define HAVE_SYS_RESOURCE_H 1
| /* end confdefs.h.  */
| #include <stdio.h>
| #ifdef HAVE_SYS_TYPES_H
| # include <sys/types.h>
| #endif
| #ifdef HAVE_SYS_STAT_H
| # include <sys/stat.h>
| #endif
| #ifdef STDC_HEADERS
| # include <stdlib.h>
| # include <stddef.h>
| #else
| # ifdef HAVE_STDLIB_H
| #  include <stdlib.h>
| # endif
| #endif
| #ifdef HAVE_STRING_H
| # if !defined STDC_HEADERS && defined HAVE_MEMORY_H
| #  include <memory.h>
| # endif
| # include <string.h>
| #endif
| #ifdef HAVE_STRINGS_H
| # include <strings.h>
| #endif
| #ifdef HAVE_INTTYPES_H
| # include <inttypes.h>
| #endif
| #ifdef HAVE_STDINT_H
| # include <stdint.h>
| #endif
| #ifdef HAVE_UNISTD_H
| # include <unistd.h>
| #endif
| int
| main ()
| {
| if (sizeof ((size_t)))
| 	    return 0;
|   ;
|   return 0;
| }
configure:12744: result: yes
configure:12755: checking for uint16_t
configure:12755: gcc -c -g -O2  conftest.c >&5
configure:12755: $? = 0
configure:12755: result: yes
configure:12767: checking for uint32_t
configure:12767: gcc -c -g -O2  conftest.c >&5
configure:12767: $? = 0
configure:12767: result: yes
configure:12781: checking for uint64_t
configure:12781: gcc -c -g -O2  conftest.c >&5
configure:12781: $? = 0
configure:12781: result: yes
configure:12795: checking for uint8_t
configure:12795: gcc -c -g -O2  conftest.c >&5
configure:12795: $? = 0
configure:12795: result: yes
configure:12811: checking whether time.h and sys/time.h may both be included
configure:12831: gcc -c -g -O2  conftest.c >&5
configure:12831: $? = 0
configure:12838: result: yes
configure:12852: checking for sys/time.h
configure:12852: gcc -c -g -O2  conftest.c >&5
configure:12852: $? = 0
configure:12852: result: yes
configure:12852: checking for unistd.h
configure:12852: result: yes
configure:12873: checking for alarm
configure:12873: gcc -o conftest -g -O2   conftest.c  >&5
configure:12873: $? = 0
configure:12873: result: yes
configure:12886: checking for working mktime
configure:13088: gcc -o conftest -g -O2   conftest.c  >&5
configure:13088: $? = 0
configure:13088: ./conftest
configure:13088: $? = 1
configure: program exited with status 1
configure: failed program was:
| /* confdefs.h */
| #define PACKAGE_NAME "libmobi"
| #define PACKAGE_TARNAME "libmobi"
| #define PACKAGE_VERSION "0.4"
| #define PACKAGE_STRING "libmobi 0.4"
| #define PACKAGE_BUGREPORT ""
| #define PACKAGE_URL ""
| #define PACKAGE "libmobi"
| #define VERSION "0.4"
| #define STDC_HEADERS 1
| #define HAVE_SYS_TYPES_H 1
| #define HAVE_SYS_STAT_H 1
| #define HAVE_STDLIB_H 1
| #define HAVE_STRING_H 1
| #define HAVE_MEMORY_H 1
| #define HAVE_STRINGS_H 1
| #define HAVE_INTTYPES_H 1
| #define HAVE_STDINT_H 1
| #define HAVE_UNISTD_H 1
| #define HAVE_DLFCN_H 1
| #define LT_OBJDIR ".libs/"
| #define HAVE__BOOL 1
| #define HAVE_STDBOOL_H 1
| #define HAVE_STDLIB_H 1
| #define HAVE_STRING_H 1
| #define HAVE_UTIME_H 1
| #define HAVE_SYS_RESOURCE_H 1
| #define TIME_WITH_SYS_TIME 1
| #define HAVE_SYS_TIME_H 1
| #define HAVE_UNISTD_H 1
| #define HAVE_ALARM 1
| /* end confdefs.h.  */
| /* Test program from Paul Eggert and Tony Leneis.  */
| #ifdef TIME_WITH_SYS_TIME
| # include <sys/time.h>
| # include <time.h>
| #else
| # ifdef HAVE_SYS_TIME_H
| #  include <sys/time.h>
| # else
| #  include <time.h>
| # endif
| #endif
| 
| #include <limits.h>
| #include <stdlib.h>
| 
| #ifdef HAVE_UNISTD_H
| # include <unistd.h>
| #endif
| 
| #ifndef HAVE_ALARM
| # define alarm(X) /* empty */
| #endif
| 
| /* Work around redefinition to rpl_putenv by other config tests.  */
| #undef putenv
| 
| static time_t time_t_max;
| static time_t time_t_min;
| 
| /* Values we'll use to set the TZ environment variable.  */
| static const char *tz_strings[] = {
|   (const char *) 0, "TZ=GMT0", "TZ=JST-9",
|   "TZ=EST+3EDT+2,M10.1.0/00:00:00,M2.3.0/00:00:00"
| };
| #define N_STRINGS (sizeof (tz_strings) / sizeof (tz_strings[0]))
| 
| /* Return 0 if mktime fails to convert a date in the spring-forward gap.
|    Based on a problem report from Andreas Jaeger.  */
| static int
| spring_forward_gap ()
| {
|   /* glibc (up to about 1998-10-07) failed this test. */
|   struct tm tm;
| 
|   /* Use the portable POSIX.1 specification "TZ=PST8PDT,M4.1.0,M10.5.0"
|      instead of "TZ=America/Vancouver" in order to detect the bug even
|      on systems that don't support the Olson extension, or don't have the
|      full zoneinfo tables installed.  */
|   putenv ((char*) "TZ=PST8PDT,M4.1.0,M10.5.0");
| 
|   tm.tm_year = 98;
|   tm.tm_mon = 3;
|   tm.tm_mday = 5;
|   tm.tm_hour = 2;
|   tm.tm_min = 0;
|   tm.tm_sec = 0;
|   tm.tm_isdst = -1;
|   return mktime (&tm) != (time_t) -1;
| }
| 
| static int
| mktime_test1 (time_t now)
| {
|   struct tm *lt;
|   return ! (lt = localtime (&now)) || mktime (lt) == now;
| }
| 
| static int
| mktime_test (time_t now)
| {
|   return (mktime_test1 (now)
| 	  && mktime_test1 ((time_t) (time_t_max - now))
| 	  && mktime_test1 ((time_t) (time_t_min + now)));
| }
| 
| static int
| irix_6_4_bug ()
| {
|   /* Based on code from Ariel Faigon.  */
|   struct tm tm;
|   tm.tm_year = 96;
|   tm.tm_mon = 3;
|   tm.tm_mday = 0;
|   tm.tm_hour = 0;
|   tm.tm_min = 0;
|   tm.tm_sec = 0;
|   tm.tm_isdst = -1;
|   mktime (&tm);
|   return tm.tm_mon == 2 && tm.tm_mday == 31;
| }
| 
| static int
| bigtime_test (int j)
| {
|   struct tm tm;
|   time_t now;
|   tm.tm_year = tm.tm_mon = tm.tm_mday = tm.tm_hour = tm.tm_min = tm.tm_sec = j;
|   now = mktime (&tm);
|   if (now != (time_t) -1)
|     {
|       struct tm *lt = localtime (&now);
|       if (! (lt
| 	     && lt->tm_year == tm.tm_year
| 	     && lt->tm_mon == tm.tm_mon
| 	     && lt->tm_mday == tm.tm_mday
| 	     && lt->tm_hour == tm.tm_hour
| 	     && lt->tm_min == tm.tm_min
| 	     && lt->tm_sec == tm.tm_sec
| 	     && lt->tm_yday == tm.tm_yday
| 	     && lt->tm_wday == tm.tm_wday
| 	     && ((lt->tm_isdst < 0 ? -1 : 0 < lt->tm_isdst)
| 		  == (tm.tm_isdst < 0 ? -1 : 0 < tm.tm_isdst))))
| 	return 0;
|     }
|   return 1;
| }
| 
| static int
| year_2050_test ()
| {
|   /* The correct answer for 2050-02-01 00:00:00 in Pacific time,
|      ignoring leap seconds.  */
|   unsigned long int answer = 2527315200UL;
| 
|   struct tm tm;
|   time_t t;
|   tm.tm_year = 2050 - 1900;
|   tm.tm_mon = 2 - 1;
|   tm.tm_mday = 1;
|   tm.tm_hour = tm.tm_min = tm.tm_sec = 0;
|   tm.tm_isdst = -1;
| 
|   /* Use the portable POSIX.1 specification "TZ=PST8PDT,M4.1.0,M10.5.0"
|      instead of "TZ=America/Vancouver" in order to detect the bug even
|      on systems that don't support the Olson extension, or don't have the
|      full zoneinfo tables installed.  */
|   putenv ((char*) "TZ=PST8PDT,M4.1.0,M10.5.0");
| 
|   t = mktime (&tm);
| 
|   /* Check that the result is either a failure, or close enough
|      to the correct answer that we can assume the discrepancy is
|      due to leap seconds.  */
|   return (t == (time_t) -1
| 	  || (0 < t && answer - 120 <= t && t <= answer + 120));
| }
| 
| int
| main ()
| {
|   time_t t, delta;
|   int i, j;
| 
|   /* This test makes some buggy mktime implementations loop.
|      Give up after 60 seconds; a mktime slower than that
|      isn't worth using anyway.  */
|   alarm (60);
| 
|   for (;;)
|     {
|       t = (time_t_max << 1) + 1;
|       if (t <= time_t_max)
| 	break;
|       time_t_max = t;
|     }
|   time_t_min = - ((time_t) ~ (time_t) 0 == (time_t) -1) - time_t_max;
| 
|   delta = time_t_max / 997; /* a suitable prime number */
|   for (i = 0; i < N_STRINGS; i++)
|     {
|       if (tz_strings[i])
| 	putenv ((char*) tz_strings[i]);
| 
|       for (t = 0; t <= time_t_max - delta; t += delta)
| 	if (! mktime_test (t))
| 	  return 1;
|       if (! (mktime_test ((time_t) 1)
| 	     && mktime_test ((time_t) (60 * 60))
| 	     && mktime_test ((time_t) (60 * 60 * 24))))
| 	return 1;
| 
|       for (j = 1; ; j <<= 1)
| 	if (! bigtime_test (j))
| 	  return 1;
| 	else if (INT_MAX / 2 < j)
| 	  break;
|       if (! bigtime_test (INT_MAX))
| 	return 1;
|     }
|   return ! (irix_6_4_bug () && spring_forward_gap () && year_2050_test ());
| }
configure:13098: result: no
configure:13112: checking for memmove
configure:13112: gcc -o conftest -g -O2   conftest.c  >&5
conftest.c:56:6: warning: incompatible redeclaration of library function 'memmove' [-Wincompatible-library-redeclaration]
char memmove ();
     ^
conftest.c:56:6: note: 'memmove' is a builtin with type 'void *(void *, const void *, unsigned long)'
1 warning generated.
configure:13112: $? = 0
configure:13112: result: yes
configure:13112: checking for memset
configure:13112: gcc -o conftest -g -O2   conftest.c  >&5
conftest.c:57:6: warning: incompatible redeclaration of library function 'memset' [-Wincompatible-library-redeclaration]
char memset ();
     ^
conftest.c:57:6: note: 'memset' is a builtin with type 'void *(void *, int, unsigned long)'
1 warning generated.
configure:13112: $? = 0
configure:13112: result: yes
configure:13112: checking for mkdir
configure:13112: gcc -o conftest -g -O2   conftest.c  >&5
configure:13112: $? = 0
configure:13112: result: yes
configure:13112: checking for strdup
configure:13112: gcc -o conftest -g -O2   conftest.c  >&5
conftest.c:59:6: warning: incompatible redeclaration of library function 'strdup' [-Wincompatible-library-redeclaration]
char strdup ();
     ^
conftest.c:59:6: note: 'strdup' is a builtin with type 'char *(const char *)'
1 warning generated.
configure:13112: $? = 0
configure:13112: result: yes
configure:13112: checking for strpbrk
configure:13112: gcc -o conftest -g -O2   conftest.c  >&5
conftest.c:60:6: warning: incompatible redeclaration of library function 'strpbrk' [-Wincompatible-library-redeclaration]
char strpbrk ();
     ^
conftest.c:60:6: note: 'strpbrk' is a builtin with type 'char *(const char *, const char *)'
1 warning generated.
configure:13112: $? = 0
configure:13112: result: yes
configure:13112: checking for strrchr
configure:13112: gcc -o conftest -g -O2   conftest.c  >&5
conftest.c:61:6: warning: incompatible redeclaration of library function 'strrchr' [-Wincompatible-library-redeclaration]
char strrchr ();
     ^
conftest.c:61:6: note: 'strrchr' is a builtin with type 'char *(const char *, int)'
1 warning generated.
configure:13112: $? = 0
configure:13112: result: yes
configure:13112: checking for strstr
configure:13112: gcc -o conftest -g -O2   conftest.c  >&5
conftest.c:62:6: warning: incompatible redeclaration of library function 'strstr' [-Wincompatible-library-redeclaration]
char strstr ();
     ^
conftest.c:62:6: note: 'strstr' is a builtin with type 'char *(const char *, const char *)'
1 warning generated.
configure:13112: $? = 0
configure:13112: result: yes
configure:13112: checking for strtoul
configure:13112: gcc -o conftest -g -O2   conftest.c  >&5
conftest.c:63:6: warning: incompatible redeclaration of library function 'strtoul' [-Wincompatible-library-redeclaration]
char strtoul ();
     ^
conftest.c:63:6: note: 'strtoul' is a builtin with type 'unsigned long (const char *, char **, int)'
1 warning generated.
configure:13112: $? = 0
configure:13112: result: yes
configure:13112: checking for utime
configure:13112: gcc -o conftest -g -O2   conftest.c  >&5
configure:13112: $? = 0
configure:13112: result: yes
configure:13123: checking whether __SUNPRO_C is declared
configure:13123: gcc -c -g -O2  conftest.c >&5
conftest.c:82:10: error: use of undeclared identifier '__SUNPRO_C'
  (void) __SUNPRO_C;
         ^
1 error generated.
configure:13123: $? = 1
configure: failed program was:
| /* confdefs.h */
| #define PACKAGE_NAME "libmobi"
| #define PACKAGE_TARNAME "libmobi"
| #define PACKAGE_VERSION "0.4"
| #define PACKAGE_STRING "libmobi 0.4"
| #define PACKAGE_BUGREPORT ""
| #define PACKAGE_URL ""
| #define PACKAGE "libmobi"
| #define VERSION "0.4"
| #define STDC_HEADERS 1
| #define HAVE_SYS_TYPES_H 1
| #define HAVE_SYS_STAT_H 1
| #define HAVE_STDLIB_H 1
| #define HAVE_STRING_H 1
| #define HAVE_MEMORY_H 1
| #define HAVE_STRINGS_H 1
| #define HAVE_INTTYPES_H 1
| #define HAVE_STDINT_H 1
| #define HAVE_UNISTD_H 1
| #define HAVE_DLFCN_H 1
| #define LT_OBJDIR ".libs/"
| #define HAVE__BOOL 1
| #define HAVE_STDBOOL_H 1
| #define HAVE_STDLIB_H 1
| #define HAVE_STRING_H 1
| #define HAVE_UTIME_H 1
| #define HAVE_SYS_RESOURCE_H 1
| #define TIME_WITH_SYS_TIME 1
| #define HAVE_SYS_TIME_H 1
| #define HAVE_UNISTD_H 1
| #define HAVE_ALARM 1
| #define HAVE_MEMMOVE 1
| #define HAVE_MEMSET 1
| #define HAVE_MKDIR 1
| #define HAVE_STRDUP 1
| #define HAVE_STRPBRK 1
| #define HAVE_STRRCHR 1
| #define HAVE_STRSTR 1
| #define HAVE_STRTOUL 1
| #define HAVE_UTIME 1
| /* end confdefs.h.  */
| #include <stdio.h>
| #ifdef HAVE_SYS_TYPES_H
| # include <sys/types.h>
| #endif
| #ifdef HAVE_SYS_STAT_H
| # include <sys/stat.h>
| #endif
| #ifdef STDC_HEADERS
| # include <stdlib.h>
| # include <stddef.h>
| #else
| # ifdef HAVE_STDLIB_H
| #  include <stdlib.h>
| # endif
| #endif
| #ifdef HAVE_STRING_H
| # if !defined STDC_HEADERS && defined HAVE_MEMORY_H
| #  include <memory.h>
| # endif
| # include <string.h>
| #endif
| #ifdef HAVE_STRINGS_H
| # include <strings.h>
| #endif
| #ifdef HAVE_INTTYPES_H
| # include <inttypes.h>
| #endif
| #ifdef HAVE_STDINT_H
| # include <stdint.h>
| #endif
| #ifdef HAVE_UNISTD_H
| # include <unistd.h>
| #endif
| int
| main ()
| {
| #ifndef __SUNPRO_C
| #ifdef __cplusplus
|   (void) __SUNPRO_C;
| #else
|   (void) __SUNPRO_C;
| #endif
| #endif
| 
|   ;
|   return 0;
| }
configure:13123: result: no
configure:13139: checking for visibility hidden compiler flag
configure:13191: gcc -c -fvisibility=hidden -Werror  conftest.c >&5
configure:13191: $? = 0
configure:13207: result: -fvisibility=hidden
configure:13252: checking for inline keyword
configure:13267: gcc -c -g -O2  conftest.c >&5
configure:13267: $? = 0
configure:13305: result: __inline__
configure:13316: checking whether enable xmlwriter (for opf support)
configure:13329: result: yes
configure:13345: checking whether compile with libxml2
configure:13355: result: no
configure:13442: checking whether enable encryption
configure:13455: result: yes
configure:13474: checking whether enable debugging
configure:13487: result: no
configure:13505: checking whether enable alloc debugging
configure:13518: result: no
configure:13528: checking whether link tools against static libmobi
configure:13541: result: no
configure:13550: checking whether compile with zlib
configure:13560: result: yes
configure:13579: checking zlib.h usability
configure:13579: gcc -c -g -O2  conftest.c >&5
configure:13579: $? = 0
configure:13579: result: yes
configure:13579: checking zlib.h presence
configure:13579: gcc -E  conftest.c
configure:13579: $? = 0
configure:13579: result: yes
configure:13579: checking for zlib.h
configure:13579: result: yes
configure:13607: checking for md5sum
configure:13637: result: no
configure:13646: checking for md5
configure:13662: found /sbin/md5
configure:13673: result: md5 -r
configure:13829: checking that generated files are newer than configure
configure:13835: result: done
configure:13878: creating ./config.status

## ---------------------- ##
## Running config.status. ##
## ---------------------- ##

This file was extended by libmobi config.status 0.4, which was
generated by GNU Autoconf 2.69.  Invocation command line was

  CONFIG_FILES    = 
  CONFIG_HEADERS  = 
  CONFIG_LINKS    = 
  CONFIG_COMMANDS = 
  $ ./config.status 

on localhost

config.status:1149: creating Makefile
config.status:1149: creating libmobi.pc
config.status:1149: creating src/Makefile
config.status:1149: creating tools/Makefile
config.status:1149: creating tools/mobitool.1
config.status:1149: creating tools/mobimeta.1
config.status:1149: creating tests/Makefile
config.status:1149: creating tests/test.sh
config.status:1149: creating config.h
config.status:1378: executing depfiles commands
config.status:1378: executing libtool commands

## ---------------- ##
## Cache variables. ##
## ---------------- ##

ac_cv_build=x86_64-apple-darwin18.5.0
ac_cv_c_compiler_gnu=yes
ac_cv_c_int32_t=yes
ac_cv_c_int64_t=yes
ac_cv_c_int8_t=yes
ac_cv_c_uint16_t=yes
ac_cv_c_uint32_t=yes
ac_cv_c_uint64_t=yes
ac_cv_c_uint8_t=yes
ac_cv_env_CC_set=
ac_cv_env_CC_value=
ac_cv_env_CFLAGS_set=
ac_cv_env_CFLAGS_value=
ac_cv_env_CPPFLAGS_set=
ac_cv_env_CPPFLAGS_value=
ac_cv_env_CPP_set=
ac_cv_env_CPP_value=
ac_cv_env_LDFLAGS_set=
ac_cv_env_LDFLAGS_value=
ac_cv_env_LIBS_set=
ac_cv_env_LIBS_value=
ac_cv_env_LT_SYS_LIBRARY_PATH_set=
ac_cv_env_LT_SYS_LIBRARY_PATH_value=
ac_cv_env_MD5PROG_set=
ac_cv_env_MD5PROG_value=
ac_cv_env_build_alias_set=
ac_cv_env_build_alias_value=
ac_cv_env_host_alias_set=
ac_cv_env_host_alias_value=
ac_cv_env_target_alias_set=
ac_cv_env_target_alias_value=
ac_cv_func_alarm=yes
ac_cv_func_memmove=yes
ac_cv_func_memset=yes
ac_cv_func_mkdir=yes
ac_cv_func_strdup=yes
ac_cv_func_strpbrk=yes
ac_cv_func_strrchr=yes
ac_cv_func_strstr=yes
ac_cv_func_strtoul=yes
ac_cv_func_utime=yes
ac_cv_func_working_mktime=no
ac_cv_have_decl___SUNPRO_C=no
ac_cv_header_dlfcn_h=yes
ac_cv_header_inttypes_h=yes
ac_cv_header_memory_h=yes
ac_cv_header_stdbool_h=yes
ac_cv_header_stdc=yes
ac_cv_header_stdint_h=yes
ac_cv_header_stdlib_h=yes
ac_cv_header_string_h=yes
ac_cv_header_strings_h=yes
ac_cv_header_sys_resource_h=yes
ac_cv_header_sys_stat_h=yes
ac_cv_header_sys_time_h=yes
ac_cv_header_sys_types_h=yes
ac_cv_header_time=yes
ac_cv_header_unistd_h=yes
ac_cv_header_utime_h=yes
ac_cv_header_zlib_h=yes
ac_cv_host=x86_64-apple-darwin18.5.0
ac_cv_objext=o
ac_cv_path_EGREP='/usr/bin/grep -E'
ac_cv_path_FGREP='/usr/bin/grep -F'
ac_cv_path_GREP=/usr/bin/grep
ac_cv_path_SED=/usr/bin/sed
ac_cv_path_install='/usr/bin/install -c'
ac_cv_path_lt_DD=/bin/dd
ac_cv_prog_AWK=gawk
ac_cv_prog_CPP='gcc -E'
ac_cv_prog_MD5PROG='md5 -r'
ac_cv_prog_ac_ct_AR=ar
ac_cv_prog_ac_ct_CC=gcc
ac_cv_prog_ac_ct_DSYMUTIL=dsymutil
ac_cv_prog_ac_ct_LIPO=lipo
ac_cv_prog_ac_ct_NMEDIT=nmedit
ac_cv_prog_ac_ct_OBJDUMP=objdump
ac_cv_prog_ac_ct_OTOOL=otool
ac_cv_prog_ac_ct_RANLIB=ranlib
ac_cv_prog_ac_ct_STRIP=strip
ac_cv_prog_cc_c89=
ac_cv_prog_cc_c99=
ac_cv_prog_cc_g=yes
ac_cv_prog_make_make_set=yes
ac_cv_type__Bool=yes
ac_cv_type_size_t=yes
am_cv_CC_dependencies_compiler_type=gcc3
am_cv_ar_interface=ar
am_cv_make_support_nested_variables=yes
am_cv_prog_cc_c_o=yes
lt_cv_apple_cc_single_mod=yes
lt_cv_ar_at_file=no
lt_cv_deplibs_check_method=pass_all
lt_cv_file_magic_cmd='$MAGIC_CMD'
lt_cv_file_magic_test_file=
lt_cv_ld_exported_symbols_list=yes
lt_cv_ld_force_load=yes
lt_cv_ld_reload_flag=-r
lt_cv_nm_interface='BSD nm'
lt_cv_objdir=.libs
lt_cv_path_LD=/Applications/Xcode.app/Contents/Developer/Toolchains/XcodeDefault.xctoolchain/usr/bin/ld
lt_cv_path_NM='/usr/bin/nm -B'
lt_cv_path_mainfest_tool=no
lt_cv_prog_compiler_c_o=yes
lt_cv_prog_compiler_pic='-fno-common -DPIC'
lt_cv_prog_compiler_pic_works=yes
lt_cv_prog_compiler_rtti_exceptions=yes
lt_cv_prog_compiler_static_works=no
lt_cv_prog_gnu_ld=no
lt_cv_sharedlib_from_linklib_cmd='printf %s\n'
lt_cv_sys_global_symbol_pipe='sed -n -e '\''s/^.*[	 ]\([BCDEGRST][BCDEGRST]*\)[	 ][	 ]*_\([_A-Za-z][_A-Za-z0-9]*\)$/\1 _\2 \2/p'\'' | sed '\''/ __gnu_lto/d'\'''
lt_cv_sys_global_symbol_to_c_name_address='sed -n -e '\''s/^: \(.*\) .*$/  {"\1", (void *) 0},/p'\'' -e '\''s/^[BCDEGRST][BCDEGRST]* .* \(.*\)$/  {"\1", (void *) \&\1},/p'\'''
lt_cv_sys_global_symbol_to_c_name_address_lib_prefix='sed -n -e '\''s/^: \(.*\) .*$/  {"\1", (void *) 0},/p'\'' -e '\''s/^[BCDEGRST][BCDEGRST]* .* \(lib.*\)$/  {"\1", (void *) \&\1},/p'\'' -e '\''s/^[BCDEGRST][BCDEGRST]* .* \(.*\)$/  {"lib\1", (void *) \&\1},/p'\'''
lt_cv_sys_global_symbol_to_cdecl='sed -n -e '\''s/^T .* \(.*\)$/extern int \1();/p'\'' -e '\''s/^[BCDEGRST][BCDEGRST]* .* \(.*\)$/extern char \1;/p'\'''
lt_cv_sys_global_symbol_to_import=
lt_cv_sys_max_cmd_len=196608
lt_cv_to_host_file_cmd=func_convert_file_noop
lt_cv_to_tool_file_cmd=func_convert_file_noop
lt_cv_truncate_bin='/bin/dd bs=4096 count=1'

## ----------------- ##
## Output variables. ##
## ----------------- ##

 samples/dict_orth_infl2.mobi \
 samples/embedded-mp3.mobi \
 samples/embedded-mpeg.mobi \
 samples/huffdic.mobi \
 samples/invalid_indx.fail \
 samples/ncx.mobi \
 samples/obfuscated_fonts.mobi \
 samples/textread_prc.mobi \
 samples/windows-1252.mobi \
'
'
ACLOCAL='${SHELL} /Users/yongweihu/Documents/Others/MobiKit/MobiKit/libmobi/missing aclocal-1.15'
AMDEPBACKSLASH='\'
AMDEP_FALSE='#'
AMDEP_TRUE=''
AMTAR='$${TAR-tar}'
AM_BACKSLASH='\'
AM_DEFAULT_V='$(AM_DEFAULT_VERBOSITY)'
AM_DEFAULT_VERBOSITY='1'
AM_V='$(V)'
AR='ar'
AUTOCONF='${SHELL} /Users/yongweihu/Documents/Others/MobiKit/MobiKit/libmobi/missing autoconf'
AUTOHEADER='${SHELL} /Users/yongweihu/Documents/Others/MobiKit/MobiKit/libmobi/missing autoheader'
AUTOMAKE='${SHELL} /Users/yongweihu/Documents/Others/MobiKit/MobiKit/libmobi/missing automake-1.15'
AVOID_VERSION=''
AWK='gawk'
CC='gcc'
CCDEPMODE='depmode=gcc3'
CFLAGS='-g -O2'
CPP='gcc -E'
CPPFLAGS=''
CYGPATH_W='echo'
DARWIN_LDFLAGS='-Wl,-compatibility_version,0 -Wl,-current_version,0.4'
DEBUG_CFLAGS=''
DEFS='-DHAVE_CONFIG_H'
DEPDIR='.deps'
DLLTOOL='false'
DSYMUTIL='dsymutil'
DUMPBIN=''
ECHO_C='\c'
ECHO_N=''
ECHO_T=''
EGREP='/usr/bin/grep -E'
ENCRYPTION_OPT='yes'
EXEEXT=''
FAILLIST=' samples/invalid_indx.fail \
FGREP='/usr/bin/grep -F'
GREP='/usr/bin/grep'
INSTALL_DATA='${INSTALL} -m 644'
INSTALL_PROGRAM='${INSTALL}'
INSTALL_SCRIPT='${INSTALL}'
INSTALL_STRIP_PROGRAM='$(install_sh) -c -s'
ISO99_SOURCE=''
LD='/Applications/Xcode.app/Contents/Developer/Toolchains/XcodeDefault.xctoolchain/usr/bin/ld'
LDFLAGS=''
LIBOBJS=' ${LIBOBJDIR}mktime$U.o'
LIBS=''
LIBTOOL='$(SHELL) $(top_builddir)/libtool'
LIBXML2_CFLAGS=''
LIBXML2_LDFLAGS=''
LIBZ_LDFLAGS='-lz'
LIPO='lipo'
LN_S='ln -s'
LTLIBOBJS=' ${LIBOBJDIR}mktime$U.lo'
LT_SYS_LIBRARY_PATH=''
MAKEINFO='${SHELL} /Users/yongweihu/Documents/Others/MobiKit/MobiKit/libmobi/missing makeinfo'
MANIFEST_TOOL=':'
MD5PROG='md5 -r'
MINIZ_CFLAGS=''
MKDIR_P='./install-sh -c -d'
NM='/usr/bin/nm -B'
NMEDIT='nmedit'
NO_UNDEFINED=''
OBJDUMP='objdump'
OBJEXT='o'
OTOOL64=':'
OTOOL='otool'
PACKAGE='libmobi'
PACKAGE_BUGREPORT=''
PACKAGE_NAME='libmobi'
PACKAGE_STRING='libmobi 0.4'
PACKAGE_TARNAME='libmobi'
PACKAGE_URL=''
PACKAGE_VERSION='0.4'
PASSLIST=' samples/dict_fileversion4.mobi \
PATH_SEPARATOR=':'
RANLIB='ranlib'
SED='/usr/bin/sed'
SET_MAKE=''
SHELL='/bin/sh'
STRIP='strip'
TOOLS_STATIC=''
USE_ENCRYPTION_FALSE='#'
USE_ENCRYPTION_TRUE=''
USE_LIBXML2_FALSE=''
USE_LIBXML2_TRUE='#'
USE_MINIZ_FALSE=''
USE_MINIZ_TRUE='#'
USE_XMLWRITER_FALSE='#'
USE_XMLWRITER_TRUE=''
USE_ZLIB_FALSE='#'
USE_ZLIB_TRUE=''
VERSION='0.4'
VISIBILITY_HIDDEN='-fvisibility=hidden'
WIN32='no'
XML2_CONFIG=''
XMLWRITER_OPT='yes'
ac_ct_AR='ar'
ac_ct_CC='gcc'
ac_ct_DUMPBIN=''
am__EXEEXT_FALSE=''
am__EXEEXT_TRUE='#'
am__fastdepCC_FALSE='#'
am__fastdepCC_TRUE=''
am__include='include'
am__isrc=''
am__leading_dot='.'
am__nodep='_no'
am__quote=''
am__tar='COPY_EXTENDED_ATTRIBUTES_DISABLE=1 COPYFILE_DISABLE=1 $${TAR-tar} chof - "$$tardir"'
am__untar='$${TAR-tar} xf -'
bindir='${exec_prefix}/bin'
build='x86_64-apple-darwin18.5.0'
build_alias=''
build_cpu='x86_64'
build_os='darwin18.5.0'
build_vendor='apple'
datadir='${datarootdir}'
datarootdir='${prefix}/share'
docdir='${datarootdir}/doc/${PACKAGE_TARNAME}'
dvidir='${docdir}'
exec_prefix='${prefix}'
host='x86_64-apple-darwin18.5.0'
host_alias=''
host_cpu='x86_64'
host_os='darwin18.5.0'
host_vendor='apple'
htmldir='${docdir}'
includedir='${prefix}/include'
infodir='${datarootdir}/info'
install_sh='${SHELL} /Users/yongweihu/Documents/Others/MobiKit/MobiKit/libmobi/install-sh'
libdir='${exec_prefix}/lib'
libexecdir='${exec_prefix}/libexec'
localedir='${datarootdir}/locale'
localstatedir='${prefix}/var'
mandir='${datarootdir}/man'
mkdir_p='$(MKDIR_P)'
oldincludedir='/usr/include'
pdfdir='${docdir}'
prefix='/usr/local'
program_transform_name='s,x,x,'
psdir='${docdir}'
sbindir='${exec_prefix}/sbin'
sharedstatedir='${prefix}/com'
sysconfdir='${prefix}/etc'
target_alias=''

## ----------- ##
## confdefs.h. ##
## ----------- ##

/* confdefs.h */
#define PACKAGE_NAME "libmobi"
#define PACKAGE_TARNAME "libmobi"
#define PACKAGE_VERSION "0.4"
#define PACKAGE_STRING "libmobi 0.4"
#define PACKAGE_BUGREPORT ""
#define PACKAGE_URL ""
#define PACKAGE "libmobi"
#define VERSION "0.4"
#define STDC_HEADERS 1
#define HAVE_SYS_TYPES_H 1
#define HAVE_SYS_STAT_H 1
#define HAVE_STDLIB_H 1
#define HAVE_STRING_H 1
#define HAVE_MEMORY_H 1
#define HAVE_STRINGS_H 1
#define HAVE_INTTYPES_H 1
#define HAVE_STDINT_H 1
#define HAVE_UNISTD_H 1
#define HAVE_DLFCN_H 1
#define LT_OBJDIR ".libs/"
#define HAVE__BOOL 1
#define HAVE_STDBOOL_H 1
#define HAVE_STDLIB_H 1
#define HAVE_STRING_H 1
#define HAVE_UTIME_H 1
#define HAVE_SYS_RESOURCE_H 1
#define TIME_WITH_SYS_TIME 1
#define HAVE_SYS_TIME_H 1
#define HAVE_UNISTD_H 1
#define HAVE_ALARM 1
#define HAVE_MEMMOVE 1
#define HAVE_MEMSET 1
#define HAVE_MKDIR 1
#define HAVE_STRDUP 1
#define HAVE_STRPBRK 1
#define HAVE_STRRCHR 1
#define HAVE_STRSTR 1
#define HAVE_STRTOUL 1
#define HAVE_UTIME 1
#define MOBI_INLINE __inline__
#define USE_XMLWRITER 1
#define USE_ENCRYPTION 1
#define USE_ZLIB 1

configure: exit 0
